12:17:47 [App     ] Build date: May 15 2023, 22:04:12
12:17:47 [App     ] CPU: Intel(R) Core(TM) i5-10300H CPU @ 2.50GHz (8 cores)
12:17:47 [App     ] RAM: 15.37GB Physical Memory 2.00GB Virtual Memory
12:17:47 [App     ] OS: Linux 5.19.0-41-generic (x86_64)
12:17:47 [App     ] Disk: 8.76GB (99.24GB) space
12:17:47 [App     ] SSE & AVX compatible CPU & OS detected
12:17:47 [App     ] Command line: ReconstructMesh scene_dense.mvs -w "/home/cristina/openMVS/rezultate_figurina/mvs"
12:17:47 [App     ] CUDA device 0 initialized: NVIDIA GeForce GTX 1650 (compute capability 7.5; memory 3.68GB)
12:17:53 [App     ] Scene loaded (5s623ms):
	16 images (16 calibrated) with a total of 12.00 MPixels (0.75 MPixels/image)
	678380 points, 0 vertices, 0 faces
12:18:50 [App     ] Delaunay tetrahedralization completed: 678380 points -> 279544 vertices, 1768313 (+224) cells, 3536738 (+336) faces (55s935ms)
12:23:25 [App     ] 	weighting completed in 4m29s316ms
12:23:25 [App     ] Delaunay tetrahedras weighting completed: 1768537 cells, 3537074 faces (4m34s791ms)
12:23:39 [App     ] Delaunay tetrahedras graph-cut completed (236802 flow): 263137 vertices, 526490 faces (13s295ms)
12:23:47 [App     ] Fixed 43/81 non-manifold edges/vertices and 306 faces removed: 38 pyramid3 and 48 pyramid4 (7s847ms)
12:23:55 [App     ] Fixed 5/21 non-manifold edges/vertices and 37 faces removed: 3 pyramid3 and 7 pyramid4 (7s977ms)
12:24:02 [App     ] Fixed 3/9 non-manifold edges/vertices and 3 faces removed: 1 pyramid3 and 0 pyramid4 (7s512ms)
12:24:10 [App     ] Fixed 0/1 non-manifold edges/vertices and 0 faces removed: 0 pyramid3 and 0 pyramid4 (7s447ms)
12:24:10 [App     ] Mesh reconstruction completed: 263203 vertices, 526296 faces (6m16s674ms)
12:24:10 [App     ] Mesh saved: 263203 vertices, 526296 faces (107ms)
12:24:10 [App     ] Removed 4 zero-area faces
12:24:10 [App     ] Removed 17 duplicate faces
12:24:10 [App     ] Removed 6 unreferenced vertices
12:24:11 [App     ] Removed 0 non-manifold faces
12:24:11 [App     ] Removed 0 degenerate vertices
12:24:12 [App     ] Removed 44 duplicate vertices
12:24:13 [App     ] Split 43 non-manifold vertices
12:24:15 [App     ] Split 0 non-manifold vertices
12:24:16 [App     ] Removed 433 faces with edges longer than 1.642810
12:24:17 [App     ] Removed 23 connected components out of 27
