12:47:17 [App     ] Build date: May 15 2023, 22:04:12
12:47:17 [App     ] CPU: Intel(R) Core(TM) i5-10300H CPU @ 2.50GHz (8 cores)
12:47:17 [App     ] RAM: 15.37GB Physical Memory 2.00GB Virtual Memory
12:47:17 [App     ] OS: Linux 5.19.0-41-generic (x86_64)
12:47:17 [App     ] Disk: 5.95GB (99.24GB) space
12:47:17 [App     ] SSE & AVX compatible CPU & OS detected
12:47:17 [App     ] Command line: RefineMesh scene_dense_mesh.mvs --scales 1 --gradient-step 25.05 -w "/home/cristina/openMVS/rezultate_figurina/mvs"
12:47:19 [App     ] Scene loaded (1s971ms):
	16 images (16 calibrated) with a total of 48.00 MPixels (3.00 MPixels/image)
	0 points, 264529 vertices, 528696 faces
12:47:19 [App     ] Refine mesh at: 1.00 image scale
12:47:32 [App     ] Mesh imported: 271309 vertices, 542074 facets (556 border edges)
12:51:22 [App     ] Edge size in [0.00772962, 0.144315] (requested in [0.0180465, 0.144372]): 56994 ops, 50 iters
12:51:23 [App     ] Mesh exported: 242261 vertices, 482780 facets (1754 border edges)
12:51:23 [App     ] Removed 0 zero-area faces
12:51:23 [App     ] Removed 0 duplicate faces
12:51:23 [App     ] Removed 0 unreferenced vertices
12:51:24 [App     ] Removed 0 non-manifold faces
12:51:24 [App     ] Removed 0 degenerate vertices
12:51:24 [App     ] Removed 0 duplicate vertices
12:51:25 [App     ] Split 0 non-manifold vertices
12:51:27 [App     ] Closed 0 holes and added 0 new faces
12:51:27 [App     ] Removed 0 non-manifold faces
12:51:27 [App     ] Removed 0 non-manifold vertices
12:51:27 [App     ] Cleaned mesh: 242261 vertices, 482780 faces (4s171ms)
12:51:27 [App     ] Mesh subdivided: 264529/528696 -> 242261/482780 vertices/faces
12:51:28 [App     ] Mesh saved: 242261 vertices, 482780 faces (89ms)
12:53:05 [App     ] 	 1. f: 61.82203 (2.5519e-04)	g: 0.29283 (1.2087e-06 - 3.2630e-04)	s: 0.500	v:     0
12:54:43 [App     ] 	 2. f: 61.53891 (2.5402e-04)	g: 0.26969 (1.1132e-06 - 3.0481e-04)	s: 0.490	v:     0
12:56:21 [App     ] 	 3. f: 61.29539 (2.5301e-04)	g: 0.25010 (1.0323e-06 - 2.8726e-04)	s: 0.480	v:     0
12:58:00 [App     ] 	 4. f: 61.08233 (2.5213e-04)	g: 0.23542 (9.7178e-07 - 2.7321e-04)	s: 0.471	v:     0
12:59:39 [App     ] 	 5. f: 60.89264 (2.5135e-04)	g: 0.22307 (9.2079e-07 - 2.6150e-04)	s: 0.461	v:     0
13:01:18 [App     ] 	 6. f: 60.71975 (2.5064e-04)	g: 0.21277 (8.7826e-07 - 2.5167e-04)	s: 0.452	v:     0
13:02:57 [App     ] 	 7. f: 60.56153 (2.4998e-04)	g: 0.20409 (8.4244e-07 - 2.4342e-04)	s: 0.443	v:     0
13:04:35 [App     ] 	 8. f: 60.41725 (2.4939e-04)	g: 0.19652 (8.1119e-07 - 2.3633e-04)	s: 0.434	v:     0
13:06:13 [App     ] 	 9. f: 60.28281 (2.4883e-04)	g: 0.19017 (7.8500e-07 - 2.3022e-04)	s: 0.425	v:     0
13:07:52 [App     ] 	10. f: 60.15639 (2.4831e-04)	g: 0.18447 (7.6147e-07 - 2.2486e-04)	s: 0.417	v:     0
13:09:30 [App     ] 	11. f: 60.03898 (2.4783e-04)	g: 0.17948 (7.4085e-07 - 2.2017e-04)	s: 0.409	v:     0
13:11:08 [App     ] 	12. f: 59.92948 (2.4738e-04)	g: 0.17498 (7.2227e-07 - 2.1598e-04)	s: 0.400	v:     0
13:12:47 [App     ] 	13. f: 59.82602 (2.4695e-04)	g: 0.17088 (7.0535e-07 - 2.1218e-04)	s: 0.392	v:     0
13:14:25 [App     ] 	14. f: 59.72743 (2.4654e-04)	g: 0.16707 (6.8962e-07 - 2.0868e-04)	s: 0.385	v:     0
13:16:03 [App     ] 	15. f: 59.63417 (2.4616e-04)	g: 0.16378 (6.7607e-07 - 2.0557e-04)	s: 0.377	v:     0
13:17:41 [App     ] 	16. f: 59.54610 (2.4579e-04)	g: 0.16068 (6.6324e-07 - 2.0268e-04)	s: 0.369	v:     0
13:19:19 [App     ] 	17. f: 59.46168 (2.4544e-04)	g: 0.15773 (6.5107e-07 - 1.9996e-04)	s: 0.362	v:     0
13:20:57 [App     ] 	18. f: 59.38168 (2.4511e-04)	g: 0.15520 (6.4065e-07 - 1.9751e-04)	s: 0.355	v:     0
13:22:36 [App     ] 	19. f: 59.30513 (2.4480e-04)	g: 0.14726 (6.0787e-07 - 1.7899e-04)	s: 0.348	v:     0
13:24:14 [App     ] 	20. f: 59.23571 (2.4451e-04)	g: 0.14519 (5.9930e-07 - 1.7682e-04)	s: 0.341	v:     0
13:25:52 [App     ] 	21. f: 59.16953 (2.4424e-04)	g: 0.14286 (5.8970e-07 - 1.7474e-04)	s: 0.334	v:     0
13:27:30 [App     ] 	22. f: 59.10756 (2.4398e-04)	g: 0.14068 (5.8068e-07 - 1.7277e-04)	s: 0.327	v:     0
13:29:08 [App     ] 	23. f: 59.04744 (2.4373e-04)	g: 0.13885 (5.7314e-07 - 1.7096e-04)	s: 0.321	v:     0
13:30:46 [App     ] 	24. f: 58.98992 (2.4350e-04)	g: 0.13699 (5.6547e-07 - 1.6924e-04)	s: 0.314	v:     0
13:32:26 [App     ] 	25. f: 58.93529 (2.4327e-04)	g: 0.13526 (5.5834e-07 - 1.6761e-04)	s: 0.308	v:     0
13:32:26 [App     ] Mesh saved: 242261 vertices, 482780 faces (97ms)
13:32:26 [App     ] Mesh refinement completed: 242261 vertices, 482780 faces (45m7s594ms)
13:32:28 [App     ] Scene saved (1s595ms):
	16 images (16 calibrated)
	0 points, 242261 vertices, 482780 faces
13:32:28 [App     ] Mesh saved: 242261 vertices, 482780 faces (82ms)
13:32:28 [App     ] MEMORYINFO: {
13:32:28 [App     ] 	VmPeak:	 3392612 kB
13:32:28 [App     ] 	VmSize:	 2262004 kB
13:32:28 [App     ] } ENDINFO
