15:52:25 [App     ] Build date: May 15 2023, 22:04:12
15:52:25 [App     ] CPU: Intel(R) Core(TM) i5-10300H CPU @ 2.50GHz (8 cores)
15:52:25 [App     ] RAM: 15.37GB Physical Memory 2.00GB Virtual Memory
15:52:25 [App     ] OS: Linux 5.19.0-41-generic (x86_64)
15:52:25 [App     ] Disk: 8.63GB (99.24GB) space
15:52:25 [App     ] SSE & AVX compatible CPU & OS detected
15:52:25 [App     ] Command line: TextureMesh scene_dense_mesh.mvs --decimate 0.5 -w "/home/cristina/openMVS/rezultate_figurina/mvs"
15:52:25 [App     ] CUDA device 0 initialized: NVIDIA GeForce GTX 1650 (compute capability 7.5; memory 3.68GB)
15:52:27 [App     ] Scene loaded (2s77ms):
	16 images (16 calibrated) with a total of 48.00 MPixels (3.00 MPixels/image)
	0 points, 264529 vertices, 528696 faces
15:52:27 [App     ] Removed 0 zero-area faces
15:52:28 [App     ] Removed 0 duplicate faces
15:52:28 [App     ] Removed 0 unreferenced vertices
15:53:14 [App     ] Mesh decimated: 528696 -> 264348 faces
15:53:14 [App     ] Removed 0 zero-area faces
15:53:14 [App     ] Removed 0 duplicate faces
15:53:14 [App     ] Removed 0 unreferenced vertices
15:53:15 [App     ] Removed 0 non-manifold faces
15:53:15 [App     ] Removed 0 degenerate vertices
15:53:15 [App     ] Removed 0 duplicate vertices
15:53:16 [App     ] Split 0 non-manifold vertices
15:53:17 [App     ] Closed 1 holes and added 0 new faces
15:53:17 [App     ] Cleaned mesh: 132355 vertices, 264348 faces (49s818ms)
15:53:17 [App     ] Removed 0 zero-area faces
15:53:17 [App     ] Removed 0 duplicate faces
15:53:17 [App     ] Removed 0 unreferenced vertices
15:53:18 [App     ] Removed 0 non-manifold faces
15:53:18 [App     ] Removed 0 degenerate vertices
15:53:18 [App     ] Removed 0 duplicate vertices
15:53:19 [App     ] Split 0 non-manifold vertices
15:53:19 [App     ] Cleaned mesh: 132355 vertices, 264348 faces (2s123ms)
